0 info it worked if it ends with ok
1 verbose cli [ '/home/chaoroger/.nvm/versions/node/v7.4.0/bin/node',
1 verbose cli   '/home/chaoroger/.nvm/versions/node/v7.4.0/bin/npm',
1 verbose cli   'start' ]
2 info using npm@4.1.2
3 info using node@v7.4.0
4 verbose run-script [ 'prestart', 'start', 'poststart' ]
5 info lifecycle photographer-connection@0.0.0~prestart: photographer-connection@0.0.0
6 silly lifecycle photographer-connection@0.0.0~prestart: no script for prestart, continuing
7 info lifecycle photographer-connection@0.0.0~start: photographer-connection@0.0.0
8 verbose lifecycle photographer-connection@0.0.0~start: unsafe-perm in lifecycle true
9 verbose lifecycle photographer-connection@0.0.0~start: PATH: /home/chaoroger/.nvm/versions/node/v7.4.0/lib/node_modules/npm/bin/node-gyp-bin:/home/chaoroger/lighthouse/photographer_connection/server/node_modules/.bin:/home/chaoroger/.nvm/versions/node/v7.4.0/bin:/home/chaoroger/bin:/home/chaoroger/.local/bin:/usr/local/sbin:/usr/local/bin:/usr/sbin:/usr/bin:/sbin:/bin:/usr/games:/usr/local/games:/snap/bin:/home/chaoroger/.rvm/bin:/home/chaoroger/.rvm/bin
10 verbose lifecycle photographer-connection@0.0.0~start: CWD: /home/chaoroger/lighthouse/photographer_connection/server
11 silly lifecycle photographer-connection@0.0.0~start: Args: [ '-c', 'nodemon ./bin/www' ]
12 silly lifecycle photographer-connection@0.0.0~start: Returned: code: 1  signal: null
13 info lifecycle photographer-connection@0.0.0~start: Failed to exec start script
14 verbose stack Error: photographer-connection@0.0.0 start: `nodemon ./bin/www`
14 verbose stack Exit status 1
14 verbose stack     at EventEmitter.<anonymous> (/home/chaoroger/.nvm/versions/node/v7.4.0/lib/node_modules/npm/lib/utils/lifecycle.js:279:16)
14 verbose stack     at emitTwo (events.js:106:13)
14 verbose stack     at EventEmitter.emit (events.js:191:7)
14 verbose stack     at ChildProcess.<anonymous> (/home/chaoroger/.nvm/versions/node/v7.4.0/lib/node_modules/npm/lib/utils/spawn.js:40:14)
14 verbose stack     at emitTwo (events.js:106:13)
14 verbose stack     at ChildProcess.emit (events.js:191:7)
14 verbose stack     at maybeClose (internal/child_process.js:885:16)
14 verbose stack     at Process.ChildProcess._handle.onexit (internal/child_process.js:226:5)
15 verbose pkgid photographer-connection@0.0.0
16 verbose cwd /home/chaoroger/lighthouse/photographer_connection/server
17 error Linux 4.4.0-64-generic
18 error argv "/home/chaoroger/.nvm/versions/node/v7.4.0/bin/node" "/home/chaoroger/.nvm/versions/node/v7.4.0/bin/npm" "start"
19 error node v7.4.0
20 error npm  v4.1.2
21 error code ELIFECYCLE
22 error photographer-connection@0.0.0 start: `nodemon ./bin/www`
22 error Exit status 1
23 error Failed at the photographer-connection@0.0.0 start script 'nodemon ./bin/www'.
23 error Make sure you have the latest version of node.js and npm installed.
23 error If you do, this is most likely a problem with the photographer-connection package,
23 error not with npm itself.
23 error Tell the author that this fails on your system:
23 error     nodemon ./bin/www
23 error You can get information on how to open an issue for this project with:
23 error     npm bugs photographer-connection
23 error Or if that isn't available, you can get their info via:
23 error     npm owner ls photographer-connection
23 error There is likely additional logging output above.
24 verbose exit [ 1, true ]
